生成启动时间为 2020/9/7 20:49:38。
     1>项目“D:\workstation\SurfaceFlowSimulatorCuda\SurfaceFlowSimulatorCuda\SurfaceFlowSimulatorCuda.vcxproj”在节点 2 上(Build 个目标)。
     1>ClCompile:
         D:\Program Files (x86)\Microsoft Visual Studio 12.0\VC\bin\CL.exe /c /I"C:\Program Files\NVIDIA GPU Computing Toolkit\CUDA\v8.0\include" /Zi /nologo /W3 /WX- /O2 /Oi /Oy- /GL /D WIN32 /D NDEBUG /D _CONSOLE /D _MBCS /D _AFXDLL /Gm- /EHsc /MD /GS /Gy /fp:precise /Zc:wchar_t /Zc:forScope /Fo"Release\\" /Fd"Release\vc120.pdb" /Gd /TP /analyze- /errorReport:prompt SurfaceFlowSimulator.cpp
         SurfaceFlowSimulator.cpp
     1>D:\Program Files (x86)\Microsoft Visual Studio 12.0\VC\atlmfc\include\afx.h(38): warning C4996: 'MBCS_Support_Deprecated_In_MFC': MBCS support in MFC is deprecated and may be removed in a future version of MFC.
                 D:\Program Files (x86)\Microsoft Visual Studio 12.0\VC\atlmfc\include\afx.h(33) : 参见“MBCS_Support_Deprecated_In_MFC”的声明
         _WIN32_WINNT not defined. Defaulting to _WIN32_WINNT_MAXVER (see WinSDKVer.h)
     1>C:\Program Files\NVIDIA GPU Computing Toolkit\CUDA\v8.0\include\thrust/system/detail/error_category.inl(102): warning C4996: 'strerror': This function or variable may be unsafe. Consider using strerror_s instead. To disable deprecation, use _CRT_SECURE_NO_WARNINGS. See online help for details.
                 D:\Program Files (x86)\Microsoft Visual Studio 12.0\VC\include\string.h(168) : 参见“strerror”的声明
     1>C:\Program Files\NVIDIA GPU Computing Toolkit\CUDA\v8.0\include\thrust/system/cuda/detail/bulk/detail/pointer_traits.hpp(55): warning C4800: “unsigned int”: 将值强制为布尔值“true”或“false”(性能警告)
     1>SurfaceFlowSimulator.cpp(36): warning C4018: “<”: 有符号/无符号不匹配
     1>SurfaceFlowSimulator.cpp(62): warning C4244: “初始化”: 从“double”转换到“int”，可能丢失数据
     1>SurfaceFlowSimulator.cpp(63): warning C4244: “初始化”: 从“double”转换到“int”，可能丢失数据
     1>SurfaceFlowSimulator.cpp(116): warning C4244: “=”: 从“double”转换到“float”，可能丢失数据
     1>SurfaceFlowSimulator.cpp(117): warning C4244: “=”: 从“double”转换到“float”，可能丢失数据
       Link:
         D:\Program Files (x86)\Microsoft Visual Studio 12.0\VC\bin\link.exe /ERRORREPORT:PROMPT /OUT:"D:\workstation\SurfaceFlowSimulatorCuda\Release\SurfaceFlowSimulatorCuda.exe" /NOLOGO /LIBPATH:D:\workstation\SurfaceFlowSimulatorCuda\\SurfaceFlowSimulatorCuda\include\lib /LIBPATH:"C:\Program Files\NVIDIA GPU Computing Toolkit\CUDA\v8.0\lib\Win32" /LIBPATH:"C:\Program Files\NVIDIA GPU Computing Toolkit\CUDA\v8.0\lib\Win32" TinDLL.lib gdal_i.lib gdal.lib cudart.lib kernel32.lib user32.lib gdi32.lib winspool.lib comdlg32.lib advapi32.lib shell32.lib ole32.lib oleaut32.lib uuid.lib odbc32.lib odbccp32.lib /MANIFEST /MANIFESTUAC:"level='asInvoker' uiAccess='false'" /manifest:embed /manifestinput:"D:\Program Files (x86)\Microsoft Visual Studio 12.0\VC\Include\Manifest\dpiaware.manifest" /DEBUG /PDB:"D:\workstation\SurfaceFlowSimulatorCuda\Release\SurfaceFlowSimulatorCuda.pdb" /SUBSYSTEM:CONSOLE /OPT:REF /OPT:ICF /LTCG /TLBID:1 /DYNAMICBASE /NXCOMPAT /IMPLIB:"D:\workstation\SurfaceFlowSimulatorCuda\Release\SurfaceFlowSimulatorCuda.lib" /MACHINE:X86 /SAFESEH Release\kernel.cu.obj
         Release\ComBase.obj
         Release\ImgCacher.obj
         Release\stdafx.obj
         Release\SurfaceFlowSimulator.obj
         Release\tin.obj
         Release\TIN2Flow.obj
            正在创建库 D:\workstation\SurfaceFlowSimulatorCuda\Release\SurfaceFlowSimulatorCuda.lib 和对象 D:\workstation\SurfaceFlowSimulatorCuda\Release\SurfaceFlowSimulatorCuda.exp
         正在生成代码
         已完成代码的生成
         SurfaceFlowSimulatorCuda.vcxproj -> D:\workstation\SurfaceFlowSimulatorCuda\Release\SurfaceFlowSimulatorCuda.exe
       PostBuildEvent:
         echo copy "C:\Program Files\NVIDIA GPU Computing Toolkit\CUDA\v8.0\bin\cudart*.dll" "D:\workstation\SurfaceFlowSimulatorCuda\Release\"
         copy "C:\Program Files\NVIDIA GPU Computing Toolkit\CUDA\v8.0\bin\cudart*.dll" "D:\workstation\SurfaceFlowSimulatorCuda\Release\"
         :VCEnd
         copy "C:\Program Files\NVIDIA GPU Computing Toolkit\CUDA\v8.0\bin\cudart*.dll" "D:\workstation\SurfaceFlowSimulatorCuda\Release\"
         C:\Program Files\NVIDIA GPU Computing Toolkit\CUDA\v8.0\bin\cudart32_80.dll
         C:\Program Files\NVIDIA GPU Computing Toolkit\CUDA\v8.0\bin\cudart64_80.dll
         已复制         2 个文件。
     1>已完成生成项目“D:\workstation\SurfaceFlowSimulatorCuda\SurfaceFlowSimulatorCuda\SurfaceFlowSimulatorCuda.vcxproj”(Build 个目标)的操作。

生成成功。

已用时间 00:00:05.48
