d:\workstation\surfaceflowsimulatorcuda\surfaceflowsimulatorcuda\release\vc120.pdb
d:\workstation\surfaceflowsimulatorcuda\surfaceflowsimulatorcuda\release\tin2flow.obj
d:\workstation\surfaceflowsimulatorcuda\surfaceflowsimulatorcuda\release\tin.obj
d:\workstation\surfaceflowsimulatorcuda\surfaceflowsimulatorcuda\release\surfaceflowsimulator.obj
d:\workstation\surfaceflowsimulatorcuda\surfaceflowsimulatorcuda\release\stdafx.obj
d:\workstation\surfaceflowsimulatorcuda\surfaceflowsimulatorcuda\release\imgcacher.obj
d:\workstation\surfaceflowsimulatorcuda\surfaceflowsimulatorcuda\release\combase.obj
d:\workstation\surfaceflowsimulatorcuda\release\surfaceflowsimulatorcuda.exe
d:\workstation\surfaceflowsimulatorcuda\release\surfaceflowsimulatorcuda.pdb
d:\workstation\surfaceflowsimulatorcuda\release\surfaceflowsimulatorcuda.lib
d:\workstation\surfaceflowsimulatorcuda\release\surfaceflowsimulatorcuda.exp
d:\workstation\surfaceflowsimulatorcuda\surfaceflowsimulatorcuda\release\kernel.cu.cache
d:\workstation\surfaceflowsimulatorcuda\surfaceflowsimulatorcuda\release\kernel.cu.obj
d:\workstation\surfaceflowsimulatorcuda\surfaceflowsimulatorcuda\release\surfacef.3cdd0723.tlog\cl.command.1.tlog
d:\workstation\surfaceflowsimulatorcuda\surfaceflowsimulatorcuda\release\surfacef.3cdd0723.tlog\cl.read.1.tlog
d:\workstation\surfaceflowsimulatorcuda\surfaceflowsimulatorcuda\release\surfacef.3cdd0723.tlog\cl.write.1.tlog
d:\workstation\surfaceflowsimulatorcuda\surfaceflowsimulatorcuda\release\surfacef.3cdd0723.tlog\link.command.1.tlog
d:\workstation\surfaceflowsimulatorcuda\surfaceflowsimulatorcuda\release\surfacef.3cdd0723.tlog\link.read.1.tlog
d:\workstation\surfaceflowsimulatorcuda\surfaceflowsimulatorcuda\release\surfacef.3cdd0723.tlog\link.write.1.tlog
d:\workstation\surfaceflowsimulatorcuda\surfaceflowsimulatorcuda\release\surfacef.3cdd0723.tlog\surfaceflowsimulatorcuda.write.1u.tlog
