生成启动时间为 2020/9/2 18:24:26。
     1>项目“D:\workstation\SurfaceFlowSimulatorCuda\SurfaceFlowSimulatorCuda\SurfaceFlowSimulatorCuda.vcxproj”在节点 2 上(Build 个目标)。
     1>ClCompile:
         C:\Program Files (x86)\Microsoft Visual Studio 12.0\VC\bin\CL.exe /c /I"C:\Program Files\NVIDIA GPU Computing Toolkit\CUDA\v8.0\include" /ZI /nologo /W3 /WX- /Od /Oy- /D WIN32 /D _DEBUG /D _CONSOLE /D _MBCS /D _AFXDLL /Gm /EHsc /RTC1 /MDd /GS /fp:precise /Zc:wchar_t /Zc:forScope /Fo"Debug\\" /Fd"Debug\vc120.pdb" /Gd /TP /analyze- /errorReport:prompt SurfaceFlowSimulator.cpp
         SurfaceFlowSimulator.cpp
     1>c:\program files (x86)\microsoft visual studio 12.0\vc\atlmfc\include\afx.h(38): warning C4996: 'MBCS_Support_Deprecated_In_MFC': MBCS support in MFC is deprecated and may be removed in a future version of MFC.
                 c:\program files (x86)\microsoft visual studio 12.0\vc\atlmfc\include\afx.h(33) : 参见“MBCS_Support_Deprecated_In_MFC”的声明
         _WIN32_WINNT not defined. Defaulting to _WIN32_WINNT_MAXVER (see WinSDKVer.h)
     1>c:\program files\nvidia gpu computing toolkit\cuda\v8.0\include\thrust\system\detail\error_category.inl(102): warning C4996: 'strerror': This function or variable may be unsafe. Consider using strerror_s instead. To disable deprecation, use _CRT_SECURE_NO_WARNINGS. See online help for details.
                 c:\program files (x86)\microsoft visual studio 12.0\vc\include\string.h(168) : 参见“strerror”的声明
     1>c:\program files\nvidia gpu computing toolkit\cuda\v8.0\include\thrust\system\cuda\detail\bulk\detail\pointer_traits.hpp(55): warning C4800: “unsigned int”: 将值强制为布尔值“true”或“false”(性能警告)
     1>d:\workstation\surfaceflowsimulatorcuda\surfaceflowsimulatorcuda\surfaceflowsimulator.cpp(36): warning C4018: “<”: 有符号/无符号不匹配
     1>d:\workstation\surfaceflowsimulatorcuda\surfaceflowsimulatorcuda\surfaceflowsimulator.cpp(62): warning C4244: “初始化”: 从“double”转换到“int”，可能丢失数据
     1>d:\workstation\surfaceflowsimulatorcuda\surfaceflowsimulatorcuda\surfaceflowsimulator.cpp(63): warning C4244: “初始化”: 从“double”转换到“int”，可能丢失数据
     1>d:\workstation\surfaceflowsimulatorcuda\surfaceflowsimulatorcuda\surfaceflowsimulator.cpp(116): warning C4244: “=”: 从“double”转换到“float”，可能丢失数据
     1>d:\workstation\surfaceflowsimulatorcuda\surfaceflowsimulatorcuda\surfaceflowsimulator.cpp(117): warning C4244: “=”: 从“double”转换到“float”，可能丢失数据
       Link:
         C:\Program Files (x86)\Microsoft Visual Studio 12.0\VC\bin\link.exe /ERRORREPORT:PROMPT /OUT:"D:\workstation\SurfaceFlowSimulatorCuda\Debug\SurfaceFlowSimulatorCuda.exe" /INCREMENTAL /NOLOGO /LIBPATH:D:\workstation\SurfaceFlowSimulatorCuda\SurfaceFlowSimulator\include\lib /LIBPATH:"C:\Program Files\NVIDIA GPU Computing Toolkit\CUDA\v8.0\lib\Win32" /LIBPATH:"C:\Program Files\NVIDIA GPU Computing Toolkit\CUDA\v8.0\lib\Win32" TinDLL.lib gdal_i.lib gdal.lib cudart.lib kernel32.lib user32.lib gdi32.lib winspool.lib comdlg32.lib advapi32.lib shell32.lib ole32.lib oleaut32.lib uuid.lib odbc32.lib odbccp32.lib /MANIFEST /MANIFESTUAC:"level='asInvoker' uiAccess='false'" /manifest:embed /manifestinput:"C:\Program Files (x86)\Microsoft Visual Studio 12.0\VC\Include\Manifest\dpiaware.manifest" /DEBUG /PDB:"D:\workstation\SurfaceFlowSimulatorCuda\Debug\SurfaceFlowSimulatorCuda.pdb" /SUBSYSTEM:CONSOLE /TLBID:1 /DYNAMICBASE /NXCOMPAT /IMPLIB:"D:\workstation\SurfaceFlowSimulatorCuda\Debug\SurfaceFlowSimulatorCuda.lib" /MACHINE:X86 Debug\kernel.cu.obj
         Debug\ComBase.obj
         Debug\ImgCacher.obj
         Debug\stdafx.obj
         Debug\SurfaceFlowSimulator.obj
         Debug\tin.obj
         Debug\TIN2Flow.obj
         SurfaceFlowSimulatorCuda.vcxproj -> D:\workstation\SurfaceFlowSimulatorCuda\Debug\SurfaceFlowSimulatorCuda.exe
       PostBuildEvent:
         echo copy "C:\Program Files\NVIDIA GPU Computing Toolkit\CUDA\v8.0\bin\cudart*.dll" "D:\workstation\SurfaceFlowSimulatorCuda\Debug\"
         copy "C:\Program Files\NVIDIA GPU Computing Toolkit\CUDA\v8.0\bin\cudart*.dll" "D:\workstation\SurfaceFlowSimulatorCuda\Debug\"
         :VCEnd
         copy "C:\Program Files\NVIDIA GPU Computing Toolkit\CUDA\v8.0\bin\cudart*.dll" "D:\workstation\SurfaceFlowSimulatorCuda\Debug\"
         C:\Program Files\NVIDIA GPU Computing Toolkit\CUDA\v8.0\bin\cudart32_80.dll
         C:\Program Files\NVIDIA GPU Computing Toolkit\CUDA\v8.0\bin\cudart64_80.dll
         已复制         2 个文件。
     1>已完成生成项目“D:\workstation\SurfaceFlowSimulatorCuda\SurfaceFlowSimulatorCuda\SurfaceFlowSimulatorCuda.vcxproj”(Build 个目标)的操作。

生成成功。

已用时间 00:00:06.74
