d:\workstation\surfaceflowsimulatorcuda\surfaceflowsimulatorcuda\debug\vc120.pdb
d:\workstation\surfaceflowsimulatorcuda\surfaceflowsimulatorcuda\debug\vc120.idb
d:\workstation\surfaceflowsimulatorcuda\surfaceflowsimulatorcuda\debug\combase.obj
d:\workstation\surfaceflowsimulatorcuda\surfaceflowsimulatorcuda\debug\imgcacher.obj
d:\workstation\surfaceflowsimulatorcuda\surfaceflowsimulatorcuda\debug\stdafx.obj
d:\workstation\surfaceflowsimulatorcuda\surfaceflowsimulatorcuda\debug\surfaceflowsimulator.obj
d:\workstation\surfaceflowsimulatorcuda\surfaceflowsimulatorcuda\debug\tin.obj
d:\workstation\surfaceflowsimulatorcuda\surfaceflowsimulatorcuda\debug\tin2flow.obj
d:\workstation\surfaceflowsimulatorcuda_改进程序\surfaceflowsimulatorcuda\debug\vc120.pdb
d:\workstation\surfaceflowsimulatorcuda_改进程序\surfaceflowsimulatorcuda\debug\vc120.idb
d:\workstation\surfaceflowsimulatorcuda_改进程序\surfaceflowsimulatorcuda\debug\combase.obj
d:\workstation\surfaceflowsimulatorcuda_改进程序\surfaceflowsimulatorcuda\debug\imgcacher.obj
d:\workstation\surfaceflowsimulatorcuda_改进程序\surfaceflowsimulatorcuda\debug\stdafx.obj
d:\workstation\surfaceflowsimulatorcuda_改进程序\surfaceflowsimulatorcuda\debug\surfaceflowsimulator.obj
d:\workstation\surfaceflowsimulatorcuda_改进程序\surfaceflowsimulatorcuda\debug\tin.obj
d:\workstation\surfaceflowsimulatorcuda_改进程序\surfaceflowsimulatorcuda\debug\tin2flow.obj
d:\workstation\surfaceflowsimulatorcuda_改进程序\debug\surfaceflowsimulatorcuda.ilk
d:\workstation\surfaceflowsimulatorcuda_改进程序\debug\surfaceflowsimulatorcuda.exe
d:\workstation\surfaceflowsimulatorcuda_改进程序\debug\surfaceflowsimulatorcuda.pdb
d:\workstation\surfaceflowsimulatorcuda\debug\surfaceflowsimulatorcuda.ilk
d:\workstation\surfaceflowsimulatorcuda\debug\surfaceflowsimulatorcuda.exe
d:\workstation\surfaceflowsimulatorcuda\debug\surfaceflowsimulatorcuda.pdb
d:\workstation\surfaceflowsimulatorcuda\debug\surfaceflowsimulatorcuda.lib
d:\workstation\surfaceflowsimulatorcuda\debug\surfaceflowsimulatorcuda.exp
d:\workstation\surfaceflowsimulatorcuda_改进程序\debug\surfaceflowsimulatorcuda.lib
d:\workstation\surfaceflowsimulatorcuda_改进程序\debug\surfaceflowsimulatorcuda.exp
d:\workstation\surfaceflowsimulatorcuda\surfaceflowsimulatorcuda\debug\kernel.cu.cache
d:\workstation\surfaceflowsimulatorcuda\surfaceflowsimulatorcuda\debug\kernel.cu.obj
d:\workstation\surfaceflowsimulatorcuda\surfaceflowsimulatorcuda\debug\surfacef.3cdd0723.tlog\cl.command.1.tlog
d:\workstation\surfaceflowsimulatorcuda\surfaceflowsimulatorcuda\debug\surfacef.3cdd0723.tlog\cl.read.1.tlog
d:\workstation\surfaceflowsimulatorcuda\surfaceflowsimulatorcuda\debug\surfacef.3cdd0723.tlog\cl.write.1.tlog
d:\workstation\surfaceflowsimulatorcuda\surfaceflowsimulatorcuda\debug\surfacef.3cdd0723.tlog\link.command.1.tlog
d:\workstation\surfaceflowsimulatorcuda\surfaceflowsimulatorcuda\debug\surfacef.3cdd0723.tlog\link.read.1.tlog
d:\workstation\surfaceflowsimulatorcuda\surfaceflowsimulatorcuda\debug\surfacef.3cdd0723.tlog\link.write.1.tlog
d:\workstation\surfaceflowsimulatorcuda\surfaceflowsimulatorcuda\debug\surfacef.3cdd0723.tlog\surfaceflowsimulatorcuda.write.1u.tlog
